{"level":"info","message":"Hello world","timestamp":"2026-03-01T18:34:12.327Z"}
{"level":"info","message":"Prisma connected","timestamp":"2026-03-01T19:20:49.566Z"}
{"level":"info","message":"Server running on port:8080","timestamp":"2026-03-01T19:20:49.571Z"}
{"level":"info","message":"SIGINT received. Shutting down...","timestamp":"2026-03-01T19:21:50.644Z"}
{"level":"info","message":"Prisma connected","timestamp":"2026-03-01T19:22:05.640Z"}
{"level":"info","message":"Server running on port:3000","timestamp":"2026-03-01T19:22:05.645Z"}
{"level":"info","message":"SIGINT received. Shutting down...","timestamp":"2026-03-01T19:22:10.919Z"}
{"error":{"clientVersion":"7.4.2","code":"P2010","meta":{"driverAdapterError":{"cause":{"host":"127.0.0.1","kind":"DatabaseNotReachable","port":5432},"name":"DriverAdapterError"}},"name":"PrismaClientKnownRequestError"},"level":"error","message":"prisma connection failed:","timestamp":"2026-03-01T19:25:06.922Z"}
{"level":"info","message":"Prisma connected","timestamp":"2026-03-01T19:26:40.107Z"}
{"level":"info","message":"Server running on port:3000","timestamp":"2026-03-01T19:26:40.112Z"}
{"level":"info","message":"SIGINT received. Shutting down...","timestamp":"2026-03-01T19:26:44.852Z"}
{"level":"info","message":"Prisma connected","timestamp":"2026-03-01T19:29:51.255Z"}
{"level":"info","message":"Server running on port:3000","timestamp":"2026-03-01T19:29:51.260Z"}
{"level":"info","message":"SIGTERM received. Shutting down...","timestamp":"2026-03-01T19:30:20.773Z"}
{"level":"info","message":"Prisma connected","timestamp":"2026-03-01T19:30:21.513Z"}
{"level":"info","message":"Server running on port:3000","timestamp":"2026-03-01T19:30:21.520Z"}
{"level":"info","message":"SIGTERM received. Shutting down...","timestamp":"2026-03-01T19:30:45.269Z"}
{"level":"info","message":"Prisma connected","timestamp":"2026-03-01T19:30:46.002Z"}
{"level":"info","message":"Server running on port:3000","timestamp":"2026-03-01T19:30:46.007Z"}
{"level":"info","message":"SIGINT received. Shutting down...","timestamp":"2026-03-01T19:40:11.009Z"}
{"level":"info","message":"Prisma connected","timestamp":"2026-03-01T20:05:36.786Z"}
{"level":"info","message":"Server running on port:3000","timestamp":"2026-03-01T20:05:36.794Z"}
{"level":"info","message":"Incoming request","method":"GET","params":{},"query":{},"timestamp":"2026-03-01T20:05:48.128Z","url":"/health","user":null,"userAgent":"Mozilla/5.0 (Windows NT 10.0; Win64; x64) AppleWebKit/537.36 (KHTML, like Gecko) Chrome/145.0.0.0 Safari/537.36"}
{"duration":"6ms","level":"info","message":"Response sent","method":"GET","status":200,"timestamp":"2026-03-01T20:05:48.134Z","url":"/health"}
{"level":"info","message":"SIGINT received. Shutting down...","timestamp":"2026-03-01T20:06:28.145Z"}
{"level":"info","message":"Prisma connected","timestamp":"2026-03-01T20:53:32.493Z"}
{"level":"info","message":"Server running on port:3000","timestamp":"2026-03-01T20:53:32.502Z"}
{"level":"info","message":"Incoming request","method":"GET","params":{},"query":{},"timestamp":"2026-03-01T20:53:43.755Z","url":"/health","user":null,"userAgent":"Mozilla/5.0 (Windows NT 10.0; Win64; x64) AppleWebKit/537.36 (KHTML, like Gecko) Chrome/145.0.0.0 Safari/537.36"}
{"duration":"6ms","level":"info","message":"Response sent","method":"GET","status":200,"timestamp":"2026-03-01T20:53:43.760Z","url":"/health"}
{"level":"info","message":"SIGINT received. Shutting down...","timestamp":"2026-03-01T20:53:50.945Z"}
{"level":"info","message":"Prisma connected","timestamp":"2026-03-01T20:53:40.965Z"}
{"level":"info","message":"Server running on port:3000","timestamp":"2026-03-01T20:53:40.976Z"}
{"level":"info","message":"Incoming request","method":"GET","params":{},"query":{},"timestamp":"2026-03-01T20:54:35.147Z","url":"/health","user":null,"userAgent":"Mozilla/5.0 (Windows NT 10.0; Win64; x64) AppleWebKit/537.36 (KHTML, like Gecko) Chrome/145.0.0.0 Safari/537.36"}
{"duration":"7ms","level":"info","message":"Response sent","method":"GET","status":200,"timestamp":"2026-03-01T20:54:35.154Z","url":"/health"}
{"level":"info","message":"Incoming request","method":"GET","params":{},"query":{},"timestamp":"2026-03-01T20:54:35.579Z","url":"/health","user":null,"userAgent":"Mozilla/5.0 (Windows NT 10.0; Win64; x64) AppleWebKit/537.36 (KHTML, like Gecko) Chrome/145.0.0.0 Safari/537.36"}
{"duration":"1ms","level":"info","message":"Response sent","method":"GET","status":200,"timestamp":"2026-03-01T20:54:35.580Z","url":"/health"}
{"level":"info","message":"Incoming request","method":"GET","params":{},"query":{},"timestamp":"2026-03-01T20:54:35.979Z","url":"/health","user":null,"userAgent":"Mozilla/5.0 (Windows NT 10.0; Win64; x64) AppleWebKit/537.36 (KHTML, like Gecko) Chrome/145.0.0.0 Safari/537.36"}
{"duration":"1ms","level":"info","message":"Response sent","method":"GET","status":200,"timestamp":"2026-03-01T20:54:35.980Z","url":"/health"}
{"level":"info","message":"SIGINT received. Shutting down...","timestamp":"2026-03-01T20:54:38.912Z"}
{"level":"info","message":"Prisma connected","timestamp":"2026-03-01T20:56:17.484Z"}
{"level":"info","message":"Server running on port:3000","timestamp":"2026-03-01T20:56:17.492Z"}
{"level":"info","message":"SIGINT received. Shutting down...","timestamp":"2026-03-01T20:56:19.967Z"}
{"level":"info","message":"Prisma connected","timestamp":"2026-03-01T21:01:12.538Z"}
{"level":"info","message":"Server running on port:3000","timestamp":"2026-03-01T21:01:12.548Z"}
{"level":"info","message":"Incoming request","method":"GET","params":{},"query":{},"timestamp":"2026-03-01T21:01:20.297Z","url":"/health","user":null,"userAgent":"Mozilla/5.0 (Windows NT 10.0; Win64; x64) AppleWebKit/537.36 (KHTML, like Gecko) Chrome/145.0.0.0 Safari/537.36"}
{"duration":"12ms","level":"info","message":"Response sent","method":"GET","status":200,"timestamp":"2026-03-01T21:01:20.306Z","url":"/health"}
{"level":"info","message":"Incoming request","method":"GET","params":{},"query":{},"timestamp":"2026-03-01T21:01:21.318Z","url":"/","user":null,"userAgent":"Mozilla/5.0 (Windows NT 10.0; Win64; x64) AppleWebKit/537.36 (KHTML, like Gecko) Chrome/145.0.0.0 Safari/537.36"}
{"level":"info","message":"Incoming request","method":"GET","params":{},"query":{},"timestamp":"2026-03-01T21:01:24.127Z","url":"/health","user":null,"userAgent":"Mozilla/5.0 (Windows NT 10.0; Win64; x64) AppleWebKit/537.36 (KHTML, like Gecko) Chrome/145.0.0.0 Safari/537.36"}
{"duration":"1ms","level":"info","message":"Response sent","method":"GET","status":200,"timestamp":"2026-03-01T21:01:24.128Z","url":"/health"}
{"level":"info","message":"SIGINT received. Shutting down...","timestamp":"2026-03-01T21:02:04.812Z"}
